<?xml version="1.0" encoding="UTF-8"?>
<testsuite xmlns:xsi="http://www.w3.org/2001/XMLSchema-instance" xsi:noNamespaceSchemaLocation="https://maven.apache.org/surefire/maven-surefire-plugin/xsd/surefire-test-report-3.0.xsd" version="3.0" name="com.example.colombina.ColombinaApplicationTests" time="10.741" tests="1" errors="0" skipped="0" failures="0">
  <properties>
    <property name="java.specification.version" value="23"/>
    <property name="sun.cpu.isalist" value="amd64"/>
    <property name="sun.jnu.encoding" value="Cp1252"/>
    <property name="java.class.path" value="C:\Users\aleja\OneDrive\Documentos\5to semestre\ProyectoTI\Colombina-Backend\Colombina-dev\colombina\target\test-classes;C:\Users\aleja\OneDrive\Documentos\5to semestre\ProyectoTI\Colombina-Backend\Colombina-dev\colombina\target\classes;C:\Users\aleja\.m2\repository\org\springframework\boot\spring-boot-starter-thymeleaf\3.3.3\spring-boot-starter-thymeleaf-3.3.3.jar;C:\Users\aleja\.m2\repository\org\springframework\boot\spring-boot-starter\3.3.3\spring-boot-starter-3.3.3.jar;C:\Users\aleja\.m2\repository\org\springframework\boot\spring-boot-starter-logging\3.3.3\spring-boot-starter-logging-3.3.3.jar;C:\Users\aleja\.m2\repository\ch\qos\logback\logback-classic\1.5.7\logback-classic-1.5.7.jar;C:\Users\aleja\.m2\repository\ch\qos\logback\logback-core\1.5.7\logback-core-1.5.7.jar;C:\Users\aleja\.m2\repository\org\apache\logging\log4j\log4j-to-slf4j\2.23.1\log4j-to-slf4j-2.23.1.jar;C:\Users\aleja\.m2\repository\org\apache\logging\log4j\log4j-api\2.23.1\log4j-api-2.23.1.jar;C:\Users\aleja\.m2\repository\org\slf4j\jul-to-slf4j\2.0.16\jul-to-slf4j-2.0.16.jar;C:\Users\aleja\.m2\repository\jakarta\annotation\jakarta.annotation-api\2.1.1\jakarta.annotation-api-2.1.1.jar;C:\Users\aleja\.m2\repository\org\yaml\snakeyaml\2.2\snakeyaml-2.2.jar;C:\Users\aleja\.m2\repository\org\thymeleaf\thymeleaf-spring6\3.1.2.RELEASE\thymeleaf-spring6-3.1.2.RELEASE.jar;C:\Users\aleja\.m2\repository\org\thymeleaf\thymeleaf\3.1.2.RELEASE\thymeleaf-3.1.2.RELEASE.jar;C:\Users\aleja\.m2\repository\org\attoparser\attoparser\2.0.7.RELEASE\attoparser-2.0.7.RELEASE.jar;C:\Users\aleja\.m2\repository\org\unbescape\unbescape\1.1.6.RELEASE\unbescape-1.1.6.RELEASE.jar;C:\Users\aleja\.m2\repository\org\slf4j\slf4j-api\2.0.16\slf4j-api-2.0.16.jar;C:\Users\aleja\.m2\repository\org\springframework\boot\spring-boot-starter-web\3.3.3\spring-boot-starter-web-3.3.3.jar;C:\Users\aleja\.m2\repository\org\springframework\boot\spring-boot-starter-json\3.3.3\spring-boot-starter-json-3.3.3.jar;C:\Users\aleja\.m2\repository\com\fasterxml\jackson\core\jackson-databind\2.17.2\jackson-databind-2.17.2.jar;C:\Users\aleja\.m2\repository\com\fasterxml\jackson\core\jackson-annotations\2.17.2\jackson-annotations-2.17.2.jar;C:\Users\aleja\.m2\repository\com\fasterxml\jackson\core\jackson-core\2.17.2\jackson-core-2.17.2.jar;C:\Users\aleja\.m2\repository\com\fasterxml\jackson\datatype\jackson-datatype-jdk8\2.17.2\jackson-datatype-jdk8-2.17.2.jar;C:\Users\aleja\.m2\repository\com\fasterxml\jackson\datatype\jackson-datatype-jsr310\2.17.2\jackson-datatype-jsr310-2.17.2.jar;C:\Users\aleja\.m2\repository\com\fasterxml\jackson\module\jackson-module-parameter-names\2.17.2\jackson-module-parameter-names-2.17.2.jar;C:\Users\aleja\.m2\repository\org\springframework\boot\spring-boot-starter-tomcat\3.3.3\spring-boot-starter-tomcat-3.3.3.jar;C:\Users\aleja\.m2\repository\org\apache\tomcat\embed\tomcat-embed-core\10.1.28\tomcat-embed-core-10.1.28.jar;C:\Users\aleja\.m2\repository\org\apache\tomcat\embed\tomcat-embed-el\10.1.28\tomcat-embed-el-10.1.28.jar;C:\Users\aleja\.m2\repository\org\apache\tomcat\embed\tomcat-embed-websocket\10.1.28\tomcat-embed-websocket-10.1.28.jar;C:\Users\aleja\.m2\repository\org\springframework\spring-web\6.1.12\spring-web-6.1.12.jar;C:\Users\aleja\.m2\repository\org\springframework\spring-beans\6.1.12\spring-beans-6.1.12.jar;C:\Users\aleja\.m2\repository\io\micrometer\micrometer-observation\1.13.3\micrometer-observation-1.13.3.jar;C:\Users\aleja\.m2\repository\io\micrometer\micrometer-commons\1.13.3\micrometer-commons-1.13.3.jar;C:\Users\aleja\.m2\repository\org\springframework\spring-webmvc\6.1.12\spring-webmvc-6.1.12.jar;C:\Users\aleja\.m2\repository\org\springframework\spring-aop\6.1.12\spring-aop-6.1.12.jar;C:\Users\aleja\.m2\repository\org\springframework\spring-context\6.1.12\spring-context-6.1.12.jar;C:\Users\aleja\.m2\repository\org\springframework\spring-expression\6.1.12\spring-expression-6.1.12.jar;C:\Users\aleja\.m2\repository\org\springframework\boot\spring-boot-devtools\3.3.3\spring-boot-devtools-3.3.3.jar;C:\Users\aleja\.m2\repository\org\springframework\boot\spring-boot\3.3.3\spring-boot-3.3.3.jar;C:\Users\aleja\.m2\repository\org\springframework\boot\spring-boot-autoconfigure\3.3.3\spring-boot-autoconfigure-3.3.3.jar;C:\Users\aleja\.m2\repository\org\springframework\boot\spring-boot-starter-test\3.3.3\spring-boot-starter-test-3.3.3.jar;C:\Users\aleja\.m2\repository\org\springframework\boot\spring-boot-test\3.3.3\spring-boot-test-3.3.3.jar;C:\Users\aleja\.m2\repository\org\springframework\boot\spring-boot-test-autoconfigure\3.3.3\spring-boot-test-autoconfigure-3.3.3.jar;C:\Users\aleja\.m2\repository\com\jayway\jsonpath\json-path\2.9.0\json-path-2.9.0.jar;C:\Users\aleja\.m2\repository\jakarta\xml\bind\jakarta.xml.bind-api\4.0.2\jakarta.xml.bind-api-4.0.2.jar;C:\Users\aleja\.m2\repository\jakarta\activation\jakarta.activation-api\2.1.3\jakarta.activation-api-2.1.3.jar;C:\Users\aleja\.m2\repository\net\minidev\json-smart\2.5.1\json-smart-2.5.1.jar;C:\Users\aleja\.m2\repository\net\minidev\accessors-smart\2.5.1\accessors-smart-2.5.1.jar;C:\Users\aleja\.m2\repository\org\ow2\asm\asm\9.6\asm-9.6.jar;C:\Users\aleja\.m2\repository\org\assertj\assertj-core\3.25.3\assertj-core-3.25.3.jar;C:\Users\aleja\.m2\repository\net\bytebuddy\byte-buddy\1.14.19\byte-buddy-1.14.19.jar;C:\Users\aleja\.m2\repository\org\awaitility\awaitility\4.2.2\awaitility-4.2.2.jar;C:\Users\aleja\.m2\repository\org\hamcrest\hamcrest\2.2\hamcrest-2.2.jar;C:\Users\aleja\.m2\repository\org\junit\jupiter\junit-jupiter\5.10.3\junit-jupiter-5.10.3.jar;C:\Users\aleja\.m2\repository\org\junit\jupiter\junit-jupiter-api\5.10.3\junit-jupiter-api-5.10.3.jar;C:\Users\aleja\.m2\repository\org\opentest4j\opentest4j\1.3.0\opentest4j-1.3.0.jar;C:\Users\aleja\.m2\repository\org\junit\platform\junit-platform-commons\1.10.3\junit-platform-commons-1.10.3.jar;C:\Users\aleja\.m2\repository\org\apiguardian\apiguardian-api\1.1.2\apiguardian-api-1.1.2.jar;C:\Users\aleja\.m2\repository\org\junit\jupiter\junit-jupiter-params\5.10.3\junit-jupiter-params-5.10.3.jar;C:\Users\aleja\.m2\repository\org\junit\jupiter\junit-jupiter-engine\5.10.3\junit-jupiter-engine-5.10.3.jar;C:\Users\aleja\.m2\repository\org\junit\platform\junit-platform-engine\1.10.3\junit-platform-engine-1.10.3.jar;C:\Users\aleja\.m2\repository\org\mockito\mockito-core\5.11.0\mockito-core-5.11.0.jar;C:\Users\aleja\.m2\repository\net\bytebuddy\byte-buddy-agent\1.14.19\byte-buddy-agent-1.14.19.jar;C:\Users\aleja\.m2\repository\org\objenesis\objenesis\3.3\objenesis-3.3.jar;C:\Users\aleja\.m2\repository\org\mockito\mockito-junit-jupiter\5.11.0\mockito-junit-jupiter-5.11.0.jar;C:\Users\aleja\.m2\repository\org\skyscreamer\jsonassert\1.5.3\jsonassert-1.5.3.jar;C:\Users\aleja\.m2\repository\com\vaadin\external\google\android-json\0.0.20131108.vaadin1\android-json-0.0.20131108.vaadin1.jar;C:\Users\aleja\.m2\repository\org\springframework\spring-core\6.1.12\spring-core-6.1.12.jar;C:\Users\aleja\.m2\repository\org\springframework\spring-jcl\6.1.12\spring-jcl-6.1.12.jar;C:\Users\aleja\.m2\repository\org\springframework\spring-test\6.1.12\spring-test-6.1.12.jar;C:\Users\aleja\.m2\repository\org\xmlunit\xmlunit-core\2.9.1\xmlunit-core-2.9.1.jar;C:\Users\aleja\.m2\repository\org\springframework\boot\spring-boot-starter-data-jpa\3.3.0\spring-boot-starter-data-jpa-3.3.0.jar;C:\Users\aleja\.m2\repository\org\springframework\boot\spring-boot-starter-aop\3.3.3\spring-boot-starter-aop-3.3.3.jar;C:\Users\aleja\.m2\repository\org\aspectj\aspectjweaver\1.9.22.1\aspectjweaver-1.9.22.1.jar;C:\Users\aleja\.m2\repository\org\springframework\boot\spring-boot-starter-jdbc\3.3.3\spring-boot-starter-jdbc-3.3.3.jar;C:\Users\aleja\.m2\repository\com\zaxxer\HikariCP\5.1.0\HikariCP-5.1.0.jar;C:\Users\aleja\.m2\repository\org\springframework\spring-jdbc\6.1.12\spring-jdbc-6.1.12.jar;C:\Users\aleja\.m2\repository\org\hibernate\orm\hibernate-core\6.5.2.Final\hibernate-core-6.5.2.Final.jar;C:\Users\aleja\.m2\repository\jakarta\persistence\jakarta.persistence-api\3.1.0\jakarta.persistence-api-3.1.0.jar;C:\Users\aleja\.m2\repository\jakarta\transaction\jakarta.transaction-api\2.0.1\jakarta.transaction-api-2.0.1.jar;C:\Users\aleja\.m2\repository\org\jboss\logging\jboss-logging\3.5.3.Final\jboss-logging-3.5.3.Final.jar;C:\Users\aleja\.m2\repository\org\hibernate\common\hibernate-commons-annotations\6.0.6.Final\hibernate-commons-annotations-6.0.6.Final.jar;C:\Users\aleja\.m2\repository\io\smallrye\jandex\3.1.2\jandex-3.1.2.jar;C:\Users\aleja\.m2\repository\com\fasterxml\classmate\1.7.0\classmate-1.7.0.jar;C:\Users\aleja\.m2\repository\org\glassfish\jaxb\jaxb-runtime\4.0.5\jaxb-runtime-4.0.5.jar;C:\Users\aleja\.m2\repository\org\glassfish\jaxb\jaxb-core\4.0.5\jaxb-core-4.0.5.jar;C:\Users\aleja\.m2\repository\org\eclipse\angus\angus-activation\2.0.2\angus-activation-2.0.2.jar;C:\Users\aleja\.m2\repository\org\glassfish\jaxb\txw2\4.0.5\txw2-4.0.5.jar;C:\Users\aleja\.m2\repository\com\sun\istack\istack-commons-runtime\4.1.2\istack-commons-runtime-4.1.2.jar;C:\Users\aleja\.m2\repository\jakarta\inject\jakarta.inject-api\2.0.1\jakarta.inject-api-2.0.1.jar;C:\Users\aleja\.m2\repository\org\antlr\antlr4-runtime\4.13.0\antlr4-runtime-4.13.0.jar;C:\Users\aleja\.m2\repository\org\springframework\data\spring-data-jpa\3.3.3\spring-data-jpa-3.3.3.jar;C:\Users\aleja\.m2\repository\org\springframework\data\spring-data-commons\3.3.3\spring-data-commons-3.3.3.jar;C:\Users\aleja\.m2\repository\org\springframework\spring-orm\6.1.12\spring-orm-6.1.12.jar;C:\Users\aleja\.m2\repository\org\springframework\spring-tx\6.1.12\spring-tx-6.1.12.jar;C:\Users\aleja\.m2\repository\org\springframework\spring-aspects\6.1.12\spring-aspects-6.1.12.jar;C:\Users\aleja\.m2\repository\com\h2database\h2\2.2.224\h2-2.2.224.jar;"/>
    <property name="java.vm.vendor" value="Oracle Corporation"/>
    <property name="sun.arch.data.model" value="64"/>
    <property name="user.variant" value=""/>
    <property name="java.vendor.url" value="https://java.oracle.com/"/>
    <property name="user.timezone" value="America/Bogota"/>
    <property name="org.jboss.logging.provider" value="slf4j"/>
    <property name="os.name" value="Windows 11"/>
    <property name="java.vm.specification.version" value="23"/>
    <property name="sun.java.launcher" value="SUN_STANDARD"/>
    <property name="user.country" value="US"/>
    <property name="sun.boot.library.path" value="C:\Program Files\Java\jdk-23\bin"/>
    <property name="sun.java.command" value="C:\Users\aleja\AppData\Local\Temp\surefire17796085876107378788\surefirebooter-20241022171352133_3.jar C:\Users\aleja\AppData\Local\Temp\surefire17796085876107378788 2024-10-22T17-13-51_900-jvmRun1 surefire-20241022171352133_1tmp surefire_0-20241022171352133_2tmp"/>
    <property name="jdk.debug" value="release"/>
    <property name="surefire.test.class.path" value="C:\Users\aleja\OneDrive\Documentos\5to semestre\ProyectoTI\Colombina-Backend\Colombina-dev\colombina\target\test-classes;C:\Users\aleja\OneDrive\Documentos\5to semestre\ProyectoTI\Colombina-Backend\Colombina-dev\colombina\target\classes;C:\Users\aleja\.m2\repository\org\springframework\boot\spring-boot-starter-thymeleaf\3.3.3\spring-boot-starter-thymeleaf-3.3.3.jar;C:\Users\aleja\.m2\repository\org\springframework\boot\spring-boot-starter\3.3.3\spring-boot-starter-3.3.3.jar;C:\Users\aleja\.m2\repository\org\springframework\boot\spring-boot-starter-logging\3.3.3\spring-boot-starter-logging-3.3.3.jar;C:\Users\aleja\.m2\repository\ch\qos\logback\logback-classic\1.5.7\logback-classic-1.5.7.jar;C:\Users\aleja\.m2\repository\ch\qos\logback\logback-core\1.5.7\logback-core-1.5.7.jar;C:\Users\aleja\.m2\repository\org\apache\logging\log4j\log4j-to-slf4j\2.23.1\log4j-to-slf4j-2.23.1.jar;C:\Users\aleja\.m2\repository\org\apache\logging\log4j\log4j-api\2.23.1\log4j-api-2.23.1.jar;C:\Users\aleja\.m2\repository\org\slf4j\jul-to-slf4j\2.0.16\jul-to-slf4j-2.0.16.jar;C:\Users\aleja\.m2\repository\jakarta\annotation\jakarta.annotation-api\2.1.1\jakarta.annotation-api-2.1.1.jar;C:\Users\aleja\.m2\repository\org\yaml\snakeyaml\2.2\snakeyaml-2.2.jar;C:\Users\aleja\.m2\repository\org\thymeleaf\thymeleaf-spring6\3.1.2.RELEASE\thymeleaf-spring6-3.1.2.RELEASE.jar;C:\Users\aleja\.m2\repository\org\thymeleaf\thymeleaf\3.1.2.RELEASE\thymeleaf-3.1.2.RELEASE.jar;C:\Users\aleja\.m2\repository\org\attoparser\attoparser\2.0.7.RELEASE\attoparser-2.0.7.RELEASE.jar;C:\Users\aleja\.m2\repository\org\unbescape\unbescape\1.1.6.RELEASE\unbescape-1.1.6.RELEASE.jar;C:\Users\aleja\.m2\repository\org\slf4j\slf4j-api\2.0.16\slf4j-api-2.0.16.jar;C:\Users\aleja\.m2\repository\org\springframework\boot\spring-boot-starter-web\3.3.3\spring-boot-starter-web-3.3.3.jar;C:\Users\aleja\.m2\repository\org\springframework\boot\spring-boot-starter-json\3.3.3\spring-boot-starter-json-3.3.3.jar;C:\Users\aleja\.m2\repository\com\fasterxml\jackson\core\jackson-databind\2.17.2\jackson-databind-2.17.2.jar;C:\Users\aleja\.m2\repository\com\fasterxml\jackson\core\jackson-annotations\2.17.2\jackson-annotations-2.17.2.jar;C:\Users\aleja\.m2\repository\com\fasterxml\jackson\core\jackson-core\2.17.2\jackson-core-2.17.2.jar;C:\Users\aleja\.m2\repository\com\fasterxml\jackson\datatype\jackson-datatype-jdk8\2.17.2\jackson-datatype-jdk8-2.17.2.jar;C:\Users\aleja\.m2\repository\com\fasterxml\jackson\datatype\jackson-datatype-jsr310\2.17.2\jackson-datatype-jsr310-2.17.2.jar;C:\Users\aleja\.m2\repository\com\fasterxml\jackson\module\jackson-module-parameter-names\2.17.2\jackson-module-parameter-names-2.17.2.jar;C:\Users\aleja\.m2\repository\org\springframework\boot\spring-boot-starter-tomcat\3.3.3\spring-boot-starter-tomcat-3.3.3.jar;C:\Users\aleja\.m2\repository\org\apache\tomcat\embed\tomcat-embed-core\10.1.28\tomcat-embed-core-10.1.28.jar;C:\Users\aleja\.m2\repository\org\apache\tomcat\embed\tomcat-embed-el\10.1.28\tomcat-embed-el-10.1.28.jar;C:\Users\aleja\.m2\repository\org\apache\tomcat\embed\tomcat-embed-websocket\10.1.28\tomcat-embed-websocket-10.1.28.jar;C:\Users\aleja\.m2\repository\org\springframework\spring-web\6.1.12\spring-web-6.1.12.jar;C:\Users\aleja\.m2\repository\org\springframework\spring-beans\6.1.12\spring-beans-6.1.12.jar;C:\Users\aleja\.m2\repository\io\micrometer\micrometer-observation\1.13.3\micrometer-observation-1.13.3.jar;C:\Users\aleja\.m2\repository\io\micrometer\micrometer-commons\1.13.3\micrometer-commons-1.13.3.jar;C:\Users\aleja\.m2\repository\org\springframework\spring-webmvc\6.1.12\spring-webmvc-6.1.12.jar;C:\Users\aleja\.m2\repository\org\springframework\spring-aop\6.1.12\spring-aop-6.1.12.jar;C:\Users\aleja\.m2\repository\org\springframework\spring-context\6.1.12\spring-context-6.1.12.jar;C:\Users\aleja\.m2\repository\org\springframework\spring-expression\6.1.12\spring-expression-6.1.12.jar;C:\Users\aleja\.m2\repository\org\springframework\boot\spring-boot-devtools\3.3.3\spring-boot-devtools-3.3.3.jar;C:\Users\aleja\.m2\repository\org\springframework\boot\spring-boot\3.3.3\spring-boot-3.3.3.jar;C:\Users\aleja\.m2\repository\org\springframework\boot\spring-boot-autoconfigure\3.3.3\spring-boot-autoconfigure-3.3.3.jar;C:\Users\aleja\.m2\repository\org\springframework\boot\spring-boot-starter-test\3.3.3\spring-boot-starter-test-3.3.3.jar;C:\Users\aleja\.m2\repository\org\springframework\boot\spring-boot-test\3.3.3\spring-boot-test-3.3.3.jar;C:\Users\aleja\.m2\repository\org\springframework\boot\spring-boot-test-autoconfigure\3.3.3\spring-boot-test-autoconfigure-3.3.3.jar;C:\Users\aleja\.m2\repository\com\jayway\jsonpath\json-path\2.9.0\json-path-2.9.0.jar;C:\Users\aleja\.m2\repository\jakarta\xml\bind\jakarta.xml.bind-api\4.0.2\jakarta.xml.bind-api-4.0.2.jar;C:\Users\aleja\.m2\repository\jakarta\activation\jakarta.activation-api\2.1.3\jakarta.activation-api-2.1.3.jar;C:\Users\aleja\.m2\repository\net\minidev\json-smart\2.5.1\json-smart-2.5.1.jar;C:\Users\aleja\.m2\repository\net\minidev\accessors-smart\2.5.1\accessors-smart-2.5.1.jar;C:\Users\aleja\.m2\repository\org\ow2\asm\asm\9.6\asm-9.6.jar;C:\Users\aleja\.m2\repository\org\assertj\assertj-core\3.25.3\assertj-core-3.25.3.jar;C:\Users\aleja\.m2\repository\net\bytebuddy\byte-buddy\1.14.19\byte-buddy-1.14.19.jar;C:\Users\aleja\.m2\repository\org\awaitility\awaitility\4.2.2\awaitility-4.2.2.jar;C:\Users\aleja\.m2\repository\org\hamcrest\hamcrest\2.2\hamcrest-2.2.jar;C:\Users\aleja\.m2\repository\org\junit\jupiter\junit-jupiter\5.10.3\junit-jupiter-5.10.3.jar;C:\Users\aleja\.m2\repository\org\junit\jupiter\junit-jupiter-api\5.10.3\junit-jupiter-api-5.10.3.jar;C:\Users\aleja\.m2\repository\org\opentest4j\opentest4j\1.3.0\opentest4j-1.3.0.jar;C:\Users\aleja\.m2\repository\org\junit\platform\junit-platform-commons\1.10.3\junit-platform-commons-1.10.3.jar;C:\Users\aleja\.m2\repository\org\apiguardian\apiguardian-api\1.1.2\apiguardian-api-1.1.2.jar;C:\Users\aleja\.m2\repository\org\junit\jupiter\junit-jupiter-params\5.10.3\junit-jupiter-params-5.10.3.jar;C:\Users\aleja\.m2\repository\org\junit\jupiter\junit-jupiter-engine\5.10.3\junit-jupiter-engine-5.10.3.jar;C:\Users\aleja\.m2\repository\org\junit\platform\junit-platform-engine\1.10.3\junit-platform-engine-1.10.3.jar;C:\Users\aleja\.m2\repository\org\mockito\mockito-core\5.11.0\mockito-core-5.11.0.jar;C:\Users\aleja\.m2\repository\net\bytebuddy\byte-buddy-agent\1.14.19\byte-buddy-agent-1.14.19.jar;C:\Users\aleja\.m2\repository\org\objenesis\objenesis\3.3\objenesis-3.3.jar;C:\Users\aleja\.m2\repository\org\mockito\mockito-junit-jupiter\5.11.0\mockito-junit-jupiter-5.11.0.jar;C:\Users\aleja\.m2\repository\org\skyscreamer\jsonassert\1.5.3\jsonassert-1.5.3.jar;C:\Users\aleja\.m2\repository\com\vaadin\external\google\android-json\0.0.20131108.vaadin1\android-json-0.0.20131108.vaadin1.jar;C:\Users\aleja\.m2\repository\org\springframework\spring-core\6.1.12\spring-core-6.1.12.jar;C:\Users\aleja\.m2\repository\org\springframework\spring-jcl\6.1.12\spring-jcl-6.1.12.jar;C:\Users\aleja\.m2\repository\org\springframework\spring-test\6.1.12\spring-test-6.1.12.jar;C:\Users\aleja\.m2\repository\org\xmlunit\xmlunit-core\2.9.1\xmlunit-core-2.9.1.jar;C:\Users\aleja\.m2\repository\org\springframework\boot\spring-boot-starter-data-jpa\3.3.0\spring-boot-starter-data-jpa-3.3.0.jar;C:\Users\aleja\.m2\repository\org\springframework\boot\spring-boot-starter-aop\3.3.3\spring-boot-starter-aop-3.3.3.jar;C:\Users\aleja\.m2\repository\org\aspectj\aspectjweaver\1.9.22.1\aspectjweaver-1.9.22.1.jar;C:\Users\aleja\.m2\repository\org\springframework\boot\spring-boot-starter-jdbc\3.3.3\spring-boot-starter-jdbc-3.3.3.jar;C:\Users\aleja\.m2\repository\com\zaxxer\HikariCP\5.1.0\HikariCP-5.1.0.jar;C:\Users\aleja\.m2\repository\org\springframework\spring-jdbc\6.1.12\spring-jdbc-6.1.12.jar;C:\Users\aleja\.m2\repository\org\hibernate\orm\hibernate-core\6.5.2.Final\hibernate-core-6.5.2.Final.jar;C:\Users\aleja\.m2\repository\jakarta\persistence\jakarta.persistence-api\3.1.0\jakarta.persistence-api-3.1.0.jar;C:\Users\aleja\.m2\repository\jakarta\transaction\jakarta.transaction-api\2.0.1\jakarta.transaction-api-2.0.1.jar;C:\Users\aleja\.m2\repository\org\jboss\logging\jboss-logging\3.5.3.Final\jboss-logging-3.5.3.Final.jar;C:\Users\aleja\.m2\repository\org\hibernate\common\hibernate-commons-annotations\6.0.6.Final\hibernate-commons-annotations-6.0.6.Final.jar;C:\Users\aleja\.m2\repository\io\smallrye\jandex\3.1.2\jandex-3.1.2.jar;C:\Users\aleja\.m2\repository\com\fasterxml\classmate\1.7.0\classmate-1.7.0.jar;C:\Users\aleja\.m2\repository\org\glassfish\jaxb\jaxb-runtime\4.0.5\jaxb-runtime-4.0.5.jar;C:\Users\aleja\.m2\repository\org\glassfish\jaxb\jaxb-core\4.0.5\jaxb-core-4.0.5.jar;C:\Users\aleja\.m2\repository\org\eclipse\angus\angus-activation\2.0.2\angus-activation-2.0.2.jar;C:\Users\aleja\.m2\repository\org\glassfish\jaxb\txw2\4.0.5\txw2-4.0.5.jar;C:\Users\aleja\.m2\repository\com\sun\istack\istack-commons-runtime\4.1.2\istack-commons-runtime-4.1.2.jar;C:\Users\aleja\.m2\repository\jakarta\inject\jakarta.inject-api\2.0.1\jakarta.inject-api-2.0.1.jar;C:\Users\aleja\.m2\repository\org\antlr\antlr4-runtime\4.13.0\antlr4-runtime-4.13.0.jar;C:\Users\aleja\.m2\repository\org\springframework\data\spring-data-jpa\3.3.3\spring-data-jpa-3.3.3.jar;C:\Users\aleja\.m2\repository\org\springframework\data\spring-data-commons\3.3.3\spring-data-commons-3.3.3.jar;C:\Users\aleja\.m2\repository\org\springframework\spring-orm\6.1.12\spring-orm-6.1.12.jar;C:\Users\aleja\.m2\repository\org\springframework\spring-tx\6.1.12\spring-tx-6.1.12.jar;C:\Users\aleja\.m2\repository\org\springframework\spring-aspects\6.1.12\spring-aspects-6.1.12.jar;C:\Users\aleja\.m2\repository\com\h2database\h2\2.2.224\h2-2.2.224.jar;"/>
    <property name="sun.cpu.endian" value="little"/>
    <property name="user.home" value="C:\Users\aleja"/>
    <property name="user.language" value="en"/>
    <property name="java.specification.vendor" value="Oracle Corporation"/>
    <property name="java.version.date" value="2024-09-17"/>
    <property name="java.home" value="C:\Program Files\Java\jdk-23"/>
    <property name="file.separator" value="\"/>
    <property name="basedir" value="C:\Users\aleja\OneDrive\Documentos\5to semestre\ProyectoTI\Colombina-Backend\Colombina-dev\colombina"/>
    <property name="java.vm.compressedOopsMode" value="Zero based"/>
    <property name="line.separator" value="&#10;"/>
    <property name="java.vm.specification.vendor" value="Oracle Corporation"/>
    <property name="java.specification.name" value="Java Platform API Specification"/>
    <property name="FILE_LOG_CHARSET" value="UTF-8"/>
    <property name="java.awt.headless" value="true"/>
    <property name="surefire.real.class.path" value="C:\Users\aleja\AppData\Local\Temp\surefire17796085876107378788\surefirebooter-20241022171352133_3.jar"/>
    <property name="user.script" value=""/>
    <property name="sun.management.compiler" value="HotSpot 64-Bit Tiered Compilers"/>
    <property name="java.runtime.version" value="23+37-2369"/>
    <property name="user.name" value="aleja"/>
    <property name="stdout.encoding" value="Cp1252"/>
    <property name="path.separator" value=";"/>
    <property name="os.version" value="10.0"/>
    <property name="java.runtime.name" value="Java(TM) SE Runtime Environment"/>
    <property name="file.encoding" value="UTF-8"/>
    <property name="java.vm.name" value="Java HotSpot(TM) 64-Bit Server VM"/>
    <property name="localRepository" value="C:\Users\aleja\.m2\repository"/>
    <property name="java.vendor.url.bug" value="https://bugreport.java.com/bugreport/"/>
    <property name="java.io.tmpdir" value="C:\Users\aleja\AppData\Local\Temp\"/>
    <property name="com.zaxxer.hikari.pool_number" value="1"/>
    <property name="java.version" value="23"/>
    <property name="user.dir" value="C:\Users\aleja\OneDrive\Documentos\5to semestre\ProyectoTI\Colombina-Backend\Colombina-dev\colombina"/>
    <property name="os.arch" value="amd64"/>
    <property name="java.vm.specification.name" value="Java Virtual Machine Specification"/>
    <property name="PID" value="9136"/>
    <property name="sun.os.patch.level" value=""/>
    <property name="CONSOLE_LOG_CHARSET" value="UTF-8"/>
    <property name="native.encoding" value="Cp1252"/>
    <property name="java.library.path" value="C:\Program Files\Java\jdk-23\bin;C:\Windows\Sun\Java\bin;C:\Windows\system32;C:\Windows;C:\Program Files\Java\jdk-23\bin;C:\apache-maven-3.8.8\bin;C:\Program Files\Common Files\Oracle\Java\javapath;C:\Program Files\Eclipse Adoptium\jdk-21.0.4.7-hotspot\bin;C:\Python312\Scripts\;C:\Python312\;C:\Windows\system32;C:\Windows\System32\Wbem;C:\Windows\System32\WindowsPowerShell\v1.0\;C:\Windows\System32\OpenSSH\;C:\Program Files\nodejs\;C:\ProgramData\chocolatey\bin;C:\Program Files\dotnet\;C:\Program Files (x86)\dotnet\;C:\Program Files\Microsoft SQL Server\Client SDK\ODBC\130\Tools\Binn\;C:\Program Files (x86)\Microsoft SQL Server\140\Tools\Binn\;C:\Program Files\Microsoft SQL Server\140\Tools\Binn\;C:\Program Files\Microsoft SQL Server\140\DTS\Binn\;C:\Program Files\Git\cmd;C:\Program Files\MySQL\MySQL Shell 8.0\bin\;C:\Users\aleja\AppData\Local\Microsoft\WindowsApps;C:\Users\aleja\AppData\Local\Programs\Microsoft VS Code\bin;C:\Users\aleja\AppData\Local\Packages\PythonSoftwareFoundation.Python.3.12_qbz5n2kfra8p0\LocalCache\local-packages\Python312\Scripts;C:\Program Files\Git;C:\Users\aleja\AppData\Roaming\npm;."/>
    <property name="java.vm.info" value="mixed mode, sharing"/>
    <property name="stderr.encoding" value="Cp1252"/>
    <property name="java.vendor" value="Oracle Corporation"/>
    <property name="java.vm.version" value="23+37-2369"/>
    <property name="sun.io.unicode.encoding" value="UnicodeLittle"/>
    <property name="java.class.version" value="67.0"/>
    <property name="LOGGED_APPLICATION_NAME" value="[colombina] "/>
  </properties>
  <testcase name="contextLoads" classname="com.example.colombina.ColombinaApplicationTests" time="0.883">
    <system-out><![CDATA[17:13:53.406 [main] INFO org.springframework.test.context.support.AnnotationConfigContextLoaderUtils -- Could not detect default configuration classes for test class [com.example.colombina.ColombinaApplicationTests]: ColombinaApplicationTests does not declare any static, non-private, non-final, nested classes annotated with @Configuration.
17:13:53.574 [main] INFO org.springframework.boot.test.context.SpringBootTestContextBootstrapper -- Found @SpringBootConfiguration com.example.colombina.ColombinaApplication for test class com.example.colombina.ColombinaApplicationTests
17:13:53.827 [main] INFO org.springframework.boot.devtools.restart.RestartApplicationListener -- Restart disabled due to context in which it is running

  .   ____          _            __ _ _
 /\\ / ___'_ __ _ _(_)_ __  __ _ \ \ \ \
( ( )\___ | '_ | '_| | '_ \/ _` | \ \ \ \
 \\/  ___)| |_)| | | | | || (_| |  ) ) ) )
  '  |____| .__|_| |_|_| |_\__, | / / / /
 =========|_|==============|___/=/_/_/_/

 :: Spring Boot ::                (v3.3.3)

2024-10-22T17:13:54.421-05:00  INFO 9136 --- [colombina] [           main] c.e.colombina.ColombinaApplicationTests  : Starting ColombinaApplicationTests using Java 23 with PID 9136 (started by aleja in C:\Users\aleja\OneDrive\Documentos\5to semestre\ProyectoTI\Colombina-Backend\Colombina-dev\colombina)
2024-10-22T17:13:54.424-05:00  INFO 9136 --- [colombina] [           main] c.e.colombina.ColombinaApplicationTests  : No active profile set, falling back to 1 default profile: "default"
2024-10-22T17:13:55.801-05:00  INFO 9136 --- [colombina] [           main] .s.d.r.c.RepositoryConfigurationDelegate : Bootstrapping Spring Data JPA repositories in DEFAULT mode.
2024-10-22T17:13:55.934-05:00  INFO 9136 --- [colombina] [           main] .s.d.r.c.RepositoryConfigurationDelegate : Finished Spring Data repository scanning in 118 ms. Found 13 JPA repository interfaces.
2024-10-22T17:13:56.900-05:00  INFO 9136 --- [colombina] [           main] o.hibernate.jpa.internal.util.LogHelper  : HHH000204: Processing PersistenceUnitInfo [name: default]
2024-10-22T17:13:57.035-05:00  INFO 9136 --- [colombina] [           main] org.hibernate.Version                    : HHH000412: Hibernate ORM core version 6.5.2.Final
2024-10-22T17:13:57.088-05:00  INFO 9136 --- [colombina] [           main] o.h.c.internal.RegionFactoryInitiator    : HHH000026: Second-level cache disabled
2024-10-22T17:13:57.579-05:00  INFO 9136 --- [colombina] [           main] o.s.o.j.p.SpringPersistenceUnitInfo      : No LoadTimeWeaver setup: ignoring JPA class transformer
2024-10-22T17:13:57.621-05:00  INFO 9136 --- [colombina] [           main] com.zaxxer.hikari.HikariDataSource       : HikariPool-1 - Starting...
2024-10-22T17:13:57.984-05:00  INFO 9136 --- [colombina] [           main] com.zaxxer.hikari.pool.HikariPool        : HikariPool-1 - Added connection conn0: url=jdbc:h2:file./bddColombina user=SA
2024-10-22T17:13:57.987-05:00  INFO 9136 --- [colombina] [           main] com.zaxxer.hikari.HikariDataSource       : HikariPool-1 - Start completed.
2024-10-22T17:13:58.041-05:00  WARN 9136 --- [colombina] [           main] org.hibernate.orm.deprecation            : HHH90000025: H2Dialect does not need to be specified explicitly using 'hibernate.dialect' (remove the property setting and it will be selected by default)
2024-10-22T17:13:59.863-05:00  INFO 9136 --- [colombina] [           main] o.h.e.t.j.p.i.JtaPlatformInitiator       : HHH000489: No JTA platform available (set 'hibernate.transaction.jta.platform' to enable JTA platform integration)
2024-10-22T17:13:59.909-05:00 DEBUG 9136 --- [colombina] [           main] org.hibernate.SQL                        : drop table if exists archivo_control_de_tramites cascade 
2024-10-22T17:13:59.915-05:00 DEBUG 9136 --- [colombina] [           main] org.hibernate.SQL                        : drop table if exists asunto_regulatorio cascade 
2024-10-22T17:13:59.916-05:00 DEBUG 9136 --- [colombina] [           main] org.hibernate.SQL                        : drop table if exists documento cascade 
2024-10-22T17:13:59.917-05:00 DEBUG 9136 --- [colombina] [           main] org.hibernate.SQL                        : drop table if exists documento_tecnico cascade 
2024-10-22T17:13:59.917-05:00 DEBUG 9136 --- [colombina] [           main] org.hibernate.SQL                        : drop table if exists entidad_sanitariainvima cascade 
2024-10-22T17:13:59.917-05:00 DEBUG 9136 --- [colombina] [           main] org.hibernate.SQL                        : drop table if exists expediente_regulatorio cascade 
2024-10-22T17:13:59.918-05:00 DEBUG 9136 --- [colombina] [           main] org.hibernate.SQL                        : drop table if exists fecha cascade 
2024-10-22T17:13:59.918-05:00 DEBUG 9136 --- [colombina] [           main] org.hibernate.SQL                        : drop table if exists notificacion cascade 
2024-10-22T17:13:59.918-05:00 DEBUG 9136 --- [colombina] [           main] org.hibernate.SQL                        : drop table if exists pagopse cascade 
2024-10-22T17:13:59.919-05:00 DEBUG 9136 --- [colombina] [           main] org.hibernate.SQL                        : drop table if exists seguimiento_tramite cascade 
2024-10-22T17:13:59.919-05:00 DEBUG 9136 --- [colombina] [           main] org.hibernate.SQL                        : drop table if exists solicituddei cascade 
2024-10-22T17:13:59.920-05:00 DEBUG 9136 --- [colombina] [           main] org.hibernate.SQL                        : drop table if exists tramite cascade 
2024-10-22T17:13:59.920-05:00 DEBUG 9136 --- [colombina] [           main] org.hibernate.SQL                        : drop table if exists usuario cascade 
2024-10-22T17:13:59.921-05:00 DEBUG 9136 --- [colombina] [           main] org.hibernate.SQL                        : drop sequence if exists archivo_control_de_tramites_seq
2024-10-22T17:13:59.922-05:00 DEBUG 9136 --- [colombina] [           main] org.hibernate.SQL                        : drop sequence if exists asunto_regulatorio_seq
2024-10-22T17:13:59.923-05:00 DEBUG 9136 --- [colombina] [           main] org.hibernate.SQL                        : drop sequence if exists documento_seq
2024-10-22T17:13:59.923-05:00 DEBUG 9136 --- [colombina] [           main] org.hibernate.SQL                        : drop sequence if exists documento_tecnico_seq
2024-10-22T17:13:59.924-05:00 DEBUG 9136 --- [colombina] [           main] org.hibernate.SQL                        : drop sequence if exists entidad_sanitariainvima_seq
2024-10-22T17:13:59.925-05:00 DEBUG 9136 --- [colombina] [           main] org.hibernate.SQL                        : drop sequence if exists expediente_regulatorio_seq
2024-10-22T17:13:59.925-05:00 DEBUG 9136 --- [colombina] [           main] org.hibernate.SQL                        : drop sequence if exists fecha_seq
2024-10-22T17:13:59.926-05:00 DEBUG 9136 --- [colombina] [           main] org.hibernate.SQL                        : drop sequence if exists notificacion_seq
2024-10-22T17:13:59.926-05:00 DEBUG 9136 --- [colombina] [           main] org.hibernate.SQL                        : drop sequence if exists pagopse_seq
2024-10-22T17:13:59.926-05:00 DEBUG 9136 --- [colombina] [           main] org.hibernate.SQL                        : drop sequence if exists seguimiento_tramite_seq
2024-10-22T17:13:59.926-05:00 DEBUG 9136 --- [colombina] [           main] org.hibernate.SQL                        : drop sequence if exists solicituddei_seq
2024-10-22T17:13:59.927-05:00 DEBUG 9136 --- [colombina] [           main] org.hibernate.SQL                        : drop sequence if exists tramite_seq
2024-10-22T17:13:59.927-05:00 DEBUG 9136 --- [colombina] [           main] org.hibernate.SQL                        : drop sequence if exists usuario_seq
2024-10-22T17:13:59.936-05:00 DEBUG 9136 --- [colombina] [           main] org.hibernate.SQL                        : create sequence archivo_control_de_tramites_seq start with 1 increment by 50
2024-10-22T17:13:59.941-05:00 DEBUG 9136 --- [colombina] [           main] org.hibernate.SQL                        : create sequence asunto_regulatorio_seq start with 1 increment by 50
2024-10-22T17:13:59.942-05:00 DEBUG 9136 --- [colombina] [           main] org.hibernate.SQL                        : create sequence documento_seq start with 1 increment by 50
2024-10-22T17:13:59.943-05:00 DEBUG 9136 --- [colombina] [           main] org.hibernate.SQL                        : create sequence documento_tecnico_seq start with 1 increment by 50
2024-10-22T17:13:59.944-05:00 DEBUG 9136 --- [colombina] [           main] org.hibernate.SQL                        : create sequence entidad_sanitariainvima_seq start with 1 increment by 50
2024-10-22T17:13:59.944-05:00 DEBUG 9136 --- [colombina] [           main] org.hibernate.SQL                        : create sequence expediente_regulatorio_seq start with 1 increment by 50
2024-10-22T17:13:59.946-05:00 DEBUG 9136 --- [colombina] [           main] org.hibernate.SQL                        : create sequence fecha_seq start with 1 increment by 50
2024-10-22T17:13:59.947-05:00 DEBUG 9136 --- [colombina] [           main] org.hibernate.SQL                        : create sequence notificacion_seq start with 1 increment by 50
2024-10-22T17:13:59.947-05:00 DEBUG 9136 --- [colombina] [           main] org.hibernate.SQL                        : create sequence pagopse_seq start with 1 increment by 50
2024-10-22T17:13:59.947-05:00 DEBUG 9136 --- [colombina] [           main] org.hibernate.SQL                        : create sequence seguimiento_tramite_seq start with 1 increment by 50
2024-10-22T17:13:59.949-05:00 DEBUG 9136 --- [colombina] [           main] org.hibernate.SQL                        : create sequence solicituddei_seq start with 1 increment by 50
2024-10-22T17:13:59.949-05:00 DEBUG 9136 --- [colombina] [           main] org.hibernate.SQL                        : create sequence tramite_seq start with 1 increment by 50
2024-10-22T17:13:59.950-05:00 DEBUG 9136 --- [colombina] [           main] org.hibernate.SQL                        : create sequence usuario_seq start with 1 increment by 50
2024-10-22T17:13:59.955-05:00 DEBUG 9136 --- [colombina] [           main] org.hibernate.SQL                        : create table archivo_control_de_tramites (estado_tramite boolean not null, fecha_creacion date, id_archivo_control_de_tramites bigint not null, historial_de_modificaciones varchar(255), primary key (id_archivo_control_de_tramites))
2024-10-22T17:13:59.963-05:00 DEBUG 9136 --- [colombina] [           main] org.hibernate.SQL                        : create table asunto_regulatorio (estado_asunto boolean not null, fecha_asunto date, id_asunto_regulatorio bigint not null, responsable varchar(255), primary key (id_asunto_regulatorio))
2024-10-22T17:13:59.965-05:00 DEBUG 9136 --- [colombina] [           main] org.hibernate.SQL                        : create table documento (documento_id bigint not null, tramite_id bigint not null, informacion varchar(255), primary key (documento_id))
2024-10-22T17:13:59.967-05:00 DEBUG 9136 --- [colombina] [           main] org.hibernate.SQL                        : create table documento_tecnico (estado_documento boolean not null, fecha_adjuncion date, id_documento_tecnico bigint not null, id_expediente bigint, descripcion varchar(255), tipo_documento varchar(255), primary key (id_documento_tecnico))
2024-10-22T17:13:59.969-05:00 DEBUG 9136 --- [colombina] [           main] org.hibernate.SQL                        : create table entidad_sanitariainvima (fecha_radicacion date, resultado_tramite boolean not null, id_entidad bigint not null, id_tramite bigint unique, comentarios varchar(255), primary key (id_entidad))
2024-10-22T17:13:59.973-05:00 DEBUG 9136 --- [colombina] [           main] org.hibernate.SQL                        : create table expediente_regulatorio (estado_expediente boolean not null, fecha_creacion date, numero_expediente integer not null, id_expediente bigint not null, id_tramite bigint, id_usuario bigint not null, descripcion_expediente varchar(255), primary key (id_expediente))
2024-10-22T17:13:59.975-05:00 DEBUG 9136 --- [colombina] [           main] org.hibernate.SQL                        : create table fecha (año integer not null, dia integer not null, mes integer not null, fecha_id bigint not null, primary key (fecha_id))
2024-10-22T17:13:59.977-05:00 DEBUG 9136 --- [colombina] [           main] org.hibernate.SQL                        : create table notificacion (estado boolean not null, id_notificacion bigint not null, tramite_id_tramite bigint, mensaje varchar(255), tipo_notificacion varchar(255), primary key (id_notificacion))
2024-10-22T17:13:59.978-05:00 DEBUG 9136 --- [colombina] [           main] org.hibernate.SQL                        : create table pagopse (fecha_de_pago date, monto float(24) not null, id_pagopse bigint not null, id_tramite bigint, metodo_de_pago varchar(255), referencia_de_pago varchar(255), primary key (id_pagopse))
2024-10-22T17:13:59.981-05:00 DEBUG 9136 --- [colombina] [           main] org.hibernate.SQL                        : create table seguimiento_tramite (fecha_seguimiento date, id_seguimiento bigint not null, id_tramite bigint unique, estado_actual varchar(255), observaciones varchar(255), acciones_realizadas varchar(255) array, primary key (id_seguimiento))
2024-10-22T17:13:59.984-05:00 DEBUG 9136 --- [colombina] [           main] org.hibernate.SQL                        : create table solicituddei (fecha_solicitud date, id_solicitud bigint not null, tramite_id bigint unique, descripcion varchar(255), documentacion_tecnica varchar(255), nombre_solicitante varchar(255), tipo_de_producto varchar(255), tipo_de_registro varchar(255), primary key (id_solicitud))
2024-10-22T17:13:59.986-05:00 DEBUG 9136 --- [colombina] [           main] org.hibernate.SQL                        : create table tramite (fecha_ejecucion date, fecha_radicacion date, numero_registro integer not null, plazo_respuesta date, fecha_id bigint not null unique, id_archivo_control_de_tramites bigint, id_asunto_regulatorio bigint, id_entidad bigint unique, id_seguimiento bigint unique, id_solicitud bigint unique, id_tramite bigint not null, usuario_id bigint not null, estado_tramite varchar(255), observaciones varchar(255), tipo_tramite varchar(255), primary key (id_tramite))
2024-10-22T17:13:59.996-05:00 DEBUG 9136 --- [colombina] [           main] org.hibernate.SQL                        : create table usuario (id bigint not null, contraseña varchar(255), correo varchar(255), credencial varchar(255), rol varchar(255), primary key (id))
2024-10-22T17:13:59.999-05:00 DEBUG 9136 --- [colombina] [           main] org.hibernate.SQL                        : alter table if exists documento add constraint FK1jeepqt4qp4gx6jheorqt0ajx foreign key (tramite_id) references tramite
2024-10-22T17:14:00.026-05:00 DEBUG 9136 --- [colombina] [           main] org.hibernate.SQL                        : alter table if exists documento_tecnico add constraint FK3ptavpfbvio00w99yjjlwwb97 foreign key (id_expediente) references expediente_regulatorio
2024-10-22T17:14:00.030-05:00 DEBUG 9136 --- [colombina] [           main] org.hibernate.SQL                        : alter table if exists entidad_sanitariainvima add constraint FKep3umn99u5inniqglvisldsmp foreign key (id_tramite) references tramite
2024-10-22T17:14:00.032-05:00 DEBUG 9136 --- [colombina] [           main] org.hibernate.SQL                        : alter table if exists expediente_regulatorio add constraint FK3offhywhgib63f2ngo0pmyk7g foreign key (id_tramite) references tramite
2024-10-22T17:14:00.034-05:00 DEBUG 9136 --- [colombina] [           main] org.hibernate.SQL                        : alter table if exists expediente_regulatorio add constraint FKff6xyatij3wm152hklh0604ye foreign key (id_usuario) references usuario
2024-10-22T17:14:00.036-05:00 DEBUG 9136 --- [colombina] [           main] org.hibernate.SQL                        : alter table if exists notificacion add constraint FKltsqh2d1if4ymvaqenuujcpnd foreign key (tramite_id_tramite) references tramite
2024-10-22T17:14:00.038-05:00 DEBUG 9136 --- [colombina] [           main] org.hibernate.SQL                        : alter table if exists pagopse add constraint FKq62k7q8r9ffmmn6jdwsuij0ef foreign key (id_tramite) references tramite
2024-10-22T17:14:00.040-05:00 DEBUG 9136 --- [colombina] [           main] org.hibernate.SQL                        : alter table if exists seguimiento_tramite add constraint FK1iiyhcs8g6fnw7pi95qhktsyp foreign key (id_tramite) references tramite
2024-10-22T17:14:00.041-05:00 DEBUG 9136 --- [colombina] [           main] org.hibernate.SQL                        : alter table if exists solicituddei add constraint FKm8npvvky2oi8q8l0r7sx2jf8r foreign key (tramite_id) references tramite
2024-10-22T17:14:00.043-05:00 DEBUG 9136 --- [colombina] [           main] org.hibernate.SQL                        : alter table if exists tramite add constraint FK4432imaacotoo0725wu7jl48d foreign key (id_archivo_control_de_tramites) references archivo_control_de_tramites
2024-10-22T17:14:00.045-05:00 DEBUG 9136 --- [colombina] [           main] org.hibernate.SQL                        : alter table if exists tramite add constraint FKqe4wcijnp817seku179mtk3th foreign key (id_asunto_regulatorio) references asunto_regulatorio
2024-10-22T17:14:00.048-05:00 DEBUG 9136 --- [colombina] [           main] org.hibernate.SQL                        : alter table if exists tramite add constraint FKnq888jdyxje3namlt8yyra97c foreign key (id_entidad) references entidad_sanitariainvima
2024-10-22T17:14:00.050-05:00 DEBUG 9136 --- [colombina] [           main] org.hibernate.SQL                        : alter table if exists tramite add constraint FKnbp88ltqsaq1mdl35kgbkrbl1 foreign key (fecha_id) references fecha
2024-10-22T17:14:00.051-05:00 DEBUG 9136 --- [colombina] [           main] org.hibernate.SQL                        : alter table if exists tramite add constraint FKdg160vps58yeu6h48cjcthxpj foreign key (id_seguimiento) references seguimiento_tramite
2024-10-22T17:14:00.053-05:00 DEBUG 9136 --- [colombina] [           main] org.hibernate.SQL                        : alter table if exists tramite add constraint FK2tbjek0s01o9v0brvhmh3rn0x foreign key (id_solicitud) references solicituddei
2024-10-22T17:14:00.054-05:00 DEBUG 9136 --- [colombina] [           main] org.hibernate.SQL                        : alter table if exists tramite add constraint FK6lg0s1ri0dgu25ufs39iq5ft1 foreign key (usuario_id) references usuario
2024-10-22T17:14:00.066-05:00  INFO 9136 --- [colombina] [           main] j.LocalContainerEntityManagerFactoryBean : Initialized JPA EntityManagerFactory for persistence unit 'default'
2024-10-22T17:14:01.829-05:00  WARN 9136 --- [colombina] [           main] JpaBaseConfiguration$JpaWebConfiguration : spring.jpa.open-in-view is enabled by default. Therefore, database queries may be performed during view rendering. Explicitly configure spring.jpa.open-in-view to disable this warning
2024-10-22T17:14:02.720-05:00  WARN 9136 --- [colombina] [           main] ion$DefaultTemplateResolverConfiguration : Cannot find template location: classpath:/templates/ (please add some templates, check your Thymeleaf configuration, or set spring.thymeleaf.check-template-location=false)
2024-10-22T17:14:02.837-05:00  INFO 9136 --- [colombina] [           main] o.s.b.a.h2.H2ConsoleAutoConfiguration    : H2 console available at '/h2'. Database available at 'jdbc:h2:file./bddColombina'
2024-10-22T17:14:02.948-05:00  INFO 9136 --- [colombina] [           main] c.e.colombina.ColombinaApplicationTests  : Started ColombinaApplicationTests in 9.143 seconds (process running for 10.602)
]]></system-out>
    <system-err><![CDATA[WARNING: A Java agent has been loaded dynamically (C:\Users\aleja\.m2\repository\net\bytebuddy\byte-buddy-agent\1.14.19\byte-buddy-agent-1.14.19.jar)
WARNING: If a serviceability tool is in use, please run with -XX:+EnableDynamicAgentLoading to hide this warning
WARNING: If a serviceability tool is not in use, please run with -Djdk.instrument.traceUsage for more information
WARNING: Dynamic loading of agents will be disallowed by default in a future release
]]></system-err>
  </testcase>
</testsuite>